     7.318  I (1162572) j1850: stats: 492 frames, 11 bad CRC, 0 overruns, 146 edges
    14.431  I (1169686) j1850: 29 FE 60 01 11 | CRC OK
    14.436  I (1169692) j1850: 68 FF 60 03 AD | CRC OK
    14.668  I (1169924) j1850: 68 FF 40 03 D8 | CRC OK
    14.678  I (1169934) j1850: 29 FE 40 01 64 | CRC OK
    16.448  I (1171703) j1850: 29 FE 60 01 11 | CRC OK
    16.453  I (1171709) j1850: 68 FF 60 03 AD | CRC OK
    16.698  I (1171954) j1850: 68 FF 40 03 D8 | CRC OK
    16.708  I (1171964) j1850: 29 FE 40 01 64 | CRC OK
    17.320  I (1172574) j1850: stats: 500 frames, 11 bad CRC, 0 overruns, 342 edges
    18.465  I (1173721) j1850: 29 FE 60 01 11 | CRC OK
    18.471  I (1173727) j1850: 68 FF 60 03 AD | CRC OK
    18.728  I (1173984) j1850: 68 FF 40 03 D8 | CRC OK
    18.738  I (1173994) j1850: 29 FE 40 01 64 | CRC OK
    20.487  I (1175742) j1850: 29 FE 60 01 11 | CRC OK
    26.847  I (1182103) j1850: 68 FF 40 03 D8 | CRC OK
    26.857  I (1182113) j1850: 29 FE 40 01 64 | CRC OK
    27.322  I (1182575) j1850: stats: 507 frames, 11 bad CRC, 0 overruns, 373 edges
    28.553  I (1183809) j1850: 29 FE 60 01 11 | CRC OK
    37.324  I (1192577) j1850: stats: 508 frames, 11 bad CRC, 0 overruns, 74 edges
    43.085  I (1198340) j1850: 68 FF 40 03 D8 | CRC OK
    43.096  I (1198351) j1850: 29 FE 40 01 64 | CRC OK
    44.688  I (1199943) j1850: 29 FE 60 01 11 | CRC OK
    44.694  I (1199949) j1850: 68 FF 60 03 AD | CRC OK
    47.326  I (1202579) j1850: stats: 512 frames, 11 bad CRC, 0 overruns, 244 edges
    48.732  I (1203987) j1850: 68 FF 60 03 AD | CRC OK
    49.175  I (1204430) j1850: 68 FF 40 03 D8 | CRC OK
    49.185  I (1204440) j1850: 29 FE 40 01 64 | CRC OK
    50.740  I (1205995) j1850: 29 FE 60 01 11 | CRC OK
    50.750  I (1206005) j1850: 68 FF 60 03 AD | CRC OK
    53.244  I (1208499) j1850: 29 FE 40 01 64 | CRC OK
    54.774  I (1210028) j1850: 29 FE 60 01 11 | CRC OK
    54.779  I (1210034) j1850: 68 FF 60 03 AD | CRC OK
    55.265  I (1210519) j1850: 68 FF 40 03 D8 | CRC OK
    55.275  I (1210529) j1850: 29 FE 40 01 64 | CRC OK
    56.791  I (1212045) j1850: 29 FE 60 01 11 | CRC OK
    57.329  I (1212581) j1850: stats: 523 frames, 11 bad CRC, 0 overruns, 556 edges
    67.331  I (1222583) j1850: stats: 523 frames, 11 bad CRC, 0 overruns, 0 edges
    70.278  I (1225530) j1850: 48 DA 40 39 00 70 | CRC OK
    70.611  I (1225864) j1850: 48 DA 40 39 02 4A | CRC OK
    70.912  I (1226166) j1850: 29 FE 60 01 11 | CRC OK
    70.923  I (1226177) j1850: 68 FF 60 03 AD | CRC OK
    70.946  I (1226200) j1850: 48 DA 40 39 00 70 | CRC OK
    71.282  I (1226535) j1850: 48 DA 40 39 02 4A | CRC OK
    77.333  I (1232584) j1850: stats: 529 frames, 11 bad CRC, 0 overruns, 350 edges
    85.986  I (1241239) j1850: 48 DA 40 39 01 6D | CRC OK
    86.322  I (1241575) j1850: 48 DA 40 39 00 70 | CRC OK
    86.656  I (1241909) j1850: 48 DA 40 39 01 6D | CRC OK
    86.992  I (1242244) j1850: 48 DA 40 39 00 70 | CRC OK
    87.049  I (1242302) j1850: 29 FE 60 01 11 | CRC OK
    87.056  I (1242308) j1850: 68 FF 60 03 AD | CRC OK
    87.326  I (1242579) j1850: 48 DA 40 39 01 6D | CRC OK
    87.334  I (1242585) j1850: stats: 536 frames, 11 bad CRC, 0 overruns, 368 edges
    87.661  I (1242914) j1850: 48 DA 40 39 00 70 | CRC OK
    87.742  I (1242995) j1850: 68 FF 40 03 D8 | CRC OK
    87.752  I (1243005) j1850: 29 FE 40 01 64 | CRC OK
    87.998  I (1243249) j1850: 48 DA 40 39 01 6D | CRC OK
    88.331  I (1243584) j1850: 48 DA 40 39 00 70 | CRC OK
    88.666  I (1243919) j1850: 48 DA 40 39 01 6D | CRC OK
    91.010  I (1246263) j1850: 48 DA 40 39 00 70 | CRC OK
    91.084  I (1246337) j1850: 29 FE 60 01 11 | CRC OK
    91.096  I (1246349) j1850: 68 FF 60 03 AD | CRC OK
    91.345  I (1246598) j1850: 48 DA 40 39 01 6D | CRC OK
    91.681  I (1246933) j1850: 48 DA 40 39 00 70 | CRC OK
    91.800  I (1247054) j1850: 68 FF 40 03 D8 | CRC OK
    91.810  I (1247064) j1850: 29 FE 40 01 64 | CRC OK
    92.014  I (1247267) j1850: 48 DA 40 39 01 6D | CRC OK
    92.350  I (1247603) j1850: 48 DA 40 39 00 70 | CRC OK
    92.360  I (1247613) j1850: 48 DA 40 39 00 70 | CRC OK
    92.686  I (1247938) j1850: 48 DA 40 39 01 6D | CRC OK
    93.021  I (1248273) j1850: 48 DA 40 39 00 70 | CRC OK
    93.101  I (1248354) j1850: 29 FE 60 01 11 | CRC OK
    93.107  I (1248360) j1850: 68 FF 60 03 AD | CRC OK
    93.354  I (1248607) j1850: 48 DA 40 39 01 6D | CRC OK
    93.690  I (1248942) j1850: 48 DA 40 39 00 70 | CRC OK
    93.831  I (1249084) j1850: 68 FF 40 03 D8 | CRC OK
    93.841  I (1249094) j1850: 29 FE 40 01 64 | CRC OK
    94.025  I (1249277) j1850: 48 DA 40 39 01 6D | CRC OK
    94.359  I (1249612) j1850: 48 DA 40 39 00 70 | CRC OK
    95.118  I (1250371) j1850: 29 FE 60 01 11 | CRC OK
    95.124  I (1250377) j1850: 68 FF 60 03 AD | CRC OK
    95.860  I (1251113) j1850: 68 FF 40 03 D8 | CRC OK
    95.870  I (1251123) j1850: 29 FE 40 01 64 | CRC OK
    97.136  I (1252388) j1850: 29 FE 60 01 11 | CRC OK
    97.142  I (1252394) j1850: 68 FF 60 03 AD | CRC OK
    97.336  I (1252586) j1850: stats: 568 frames, 11 bad CRC, 0 overruns, 1570 edges
    97.891  I (1253143) j1850: 68 FF 40 03 D8 | CRC OK
    97.900  I (1253153) j1850: 29 FE 40 01 64 | CRC OK
   105.635  I (1260887) j1850: 48 DA 40 39 00 70 | CRC OK
   105.970  I (1261222) j1850: 48 DA 40 39 03 57 | CRC OK
   106.009  I (1261262) j1850: 68 FF 40 03 D8 | CRC OK
   106.020  I (1261272) j1850: 29 FE 40 01 64 | CRC OK
   106.305  I (1261557) j1850: 48 DA 40 39 00 70 | CRC OK
   107.337  I (1262587) j1850: stats: 575 frames, 11 bad CRC, 0 overruns, 517 edges
   114.342  I (1269595) j1850: 48 DA 40 39 00 70 | CRC OK
   117.338  I (1272588) j1850: stats: 576 frames, 11 bad CRC, 0 overruns, 93 edges
   119.331  I (1274583) j1850: 68 FF 60 03 AD | CRC OK
   120.218  I (1275470) j1850: 68 FF 40 03 D8 | CRC OK
   120.228  I (1275480) j1850: 29 FE 40 01 64 | CRC OK
   121.342  I (1276594) j1850: 29 FE 60 01 11 | CRC OK
   121.349  I (1276601) j1850: 68 FF 60 03 AD | CRC OK
   122.248  I (1277500) j1850: 68 FF 40 03 D8 | CRC OK
   122.257  I (1277509) j1850: 29 FE 40 01 64 | CRC OK
   123.359  I (1278610) j1850: 29 FE 60 01 11 | CRC OK
   123.365  I (1278616) j1850: 68 FF 60 03 AD | CRC OK
   124.276  I (1279529) j1850: 68 FF 40 03 D8 | CRC OK
   124.286  I (1279539) j1850: 29 FE 40 01 64 | CRC OK
   125.375  I (1280627) j1850: 29 FE 60 01 11 | CRC OK
   125.380  I (1280633) j1850: 68 FF 60 03 AD | CRC OK
   126.307  I (1281559) j1850: 68 FF 40 03 D8 | CRC OK
   126.316  I (1281569) j1850: 29 FE 40 01 64 | CRC OK
   127.339  I (1282589) j1850: stats: 591 frames, 11 bad CRC, 0 overruns, 660 edges
   127.392  I (1282644) j1850: 29 FE 60 01 11 | CRC OK
   127.398  I (1282650) j1850: 68 FF 60 03 AD | CRC OK
   128.337  I (1283589) j1850: 68 FF 40 03 D8 | CRC OK
   128.346  I (1283599) j1850: 29 FE 40 01 64 | CRC OK
   132.396  I (1287648) j1850: 68 FF 40 03 D8 | CRC OK
   133.444  I (1288696) j1850: 29 FE 60 01 11 | CRC OK
   133.450  I (1288702) j1850: 68 FF 60 03 AD | CRC OK
   134.422  I (1289675) j1850: 68 FF | CRC BAD
   136.455  I (1291707) j1850: 68 FF 40 03 D8 | CRC OK
   136.465  I (1291717) j1850: 29 FE 40 01 64 | CRC OK
   137.339  I (1292589) j1850: stats: 601 frames, 12 bad CRC, 0 overruns, 458 edges
   137.478  I (1292730) j1850: 29 FE 60 01 11 | CRC OK
   137.484  I (1292736) j1850: 68 FF 60 03 AD | CRC OK
   138.485  I (1293737) j1850: 68 FF 40 03 D8 | CRC OK
   138.495  I (1293747) j1850: 29 FE 40 01 64 | CRC OK
   139.497  I (1294749) j1850: 29 FE 60 01 11 | CRC OK
   139.503  I (1294755) j1850: 68 FF 60 03 AD | CRC OK
   140.515  I (1295767) j1850: 68 FF 40 03 D8 | CRC OK
   140.525  I (1295777) j1850: 29 FE 40 01 64 | CRC OK
   141.513  I (1296765) j1850: 29 FE 60 01 11 | CRC OK
   141.521  I (1296773) j1850: 68 FF 60 03 AD | CRC OK
   142.545  I (1297797) j1850: 68 FF 40 03 D8 | CRC OK
   142.555  I (1297807) j1850: 29 FE 40 01 64 | CRC OK
   143.530  I (1298781) j1850: 29 FE 60 01 11 | CRC OK
   143.535  I (1298787) j1850: 68 FF 60 03 AD | CRC OK
   144.574  I (1299826) j1850: 68 FF 40 03 D8 | CRC OK
   144.584  I (1299836) j1850: 29 FE 40 01 64 | CRC OK
   145.547  I (1300798) j1850: 29 FE 60 01 11 | CRC OK
   145.552  I (1300804) j1850: 68 FF 60 03 AD | CRC OK
   146.604  I (1301856) j1850: 68 FF 40 03 D8 | CRC OK
   146.614  I (1301866) j1850: 29 FE 40 01 64 | CRC OK
   147.340  I (1302590) j1850: stats: 621 frames, 12 bad CRC, 0 overruns, 840 edges
   147.564  I (1302816) j1850: 29 FE 60 01 11 | CRC OK
   147.570  I (1302822) j1850: 68 FF 60 03 AD | CRC OK
   157.343  I (1312592) j1850: stats: 623 frames, 12 bad CRC, 0 overruns, 116 edges
   159.675  I (1314926) j1850: 68 FF 60 03 AD | CRC OK
   160.813  I (1316064) j1850: 68 FF 40 03 D8 | CRC OK
   160.823  I (1316074) j1850: 29 FE 40 01 64 | CRC OK
   161.685  I (1316936) j1850: 29 FE 60 01 11 | CRC OK
   162.842  I (1318093) j1850: 68 FF 40 03 D8 | CRC OK
   167.344  I (1322593) j1850: stats: 628 frames, 12 bad CRC, 0 overruns, 315 edges
   177.346  I (1332595) j1850: stats: 628 frames, 12 bad CRC, 0 overruns, 0 edges
   187.349  I (1342597) j1850: stats: 628 frames, 12 bad CRC, 0 overruns, 0 edges
   197.353  I (1352599) j1850: stats: 628 frames, 12 bad CRC, 0 overruns, 0 edges
   207.354  I (1362601) j1850: stats: 628 frames, 12 bad CRC, 0 overruns, 0 edges
   209.537  I (1364786) j1850: 29 FE 40 01 64 | CRC OK
   210.105  I (1365355) j1850: 29 FE 60 01 11 | CRC OK
   210.112  I (1365361) j1850: 68 FF 60 03 AD | CRC OK
   211.556  I (1366806) j1850: 68 FF 40 03 D8 | CRC OK
   211.566  I (1366816) j1850: 29 FE 40 01 64 | CRC OK
   212.114  I (1367363) j1850: 29 FE 60 01 11 | CRC OK
   212.119  I (1367369) j1850: 68 FF 60 03 AD | CRC OK
   213.585  I (1368835) j1850: 68 FF 40 03 D8 | CRC OK
   213.598  I (1368846) j1850: 29 FE 40 01 64 | CRC OK
   214.132  I (1369380) j1850: 29 FE 60 01 11 | CRC OK
   214.137  I (1369386) j1850: 68 FF 60 03 AD | CRC OK
   215.626  I (1370875) j1850: 29 FE 40 01 64 | CRC OK
   217.355  I (1372602) j1850: stats: 640 frames, 12 bad CRC, 0 overruns, 586 edges
   227.355  I (1382602) j1850: stats: 640 frames, 12 bad CRC, 0 overruns, 0 edges
   237.357  I (1392604) j1850: stats: 640 frames, 12 bad CRC, 0 overruns, 0 edges
   238.337  I (1393586) j1850: 29 FE 60 01 11 | CRC OK
   238.343  I (1393592) j1850: 68 FF 60 03 AD | CRC OK
   239.972  I (1395220) j1850: 68 FF 40 03 | CRC BAD
   242.373  I (1397620) j1850: 29 FE 60 01 11 | CRC OK
   246.073  I (1401321) j1850: 29 FE 40 01 64 | CRC OK
   246.407  I (1401654) j1850: 29 FE 60 01 11 | CRC OK
   246.412  I (1401660) j1850: 68 FF 60 03 AD | CRC OK
   247.360  I (1402606) j1850: stats: 647 frames, 13 bad CRC, 0 overruns, 355 edges
   248.092  I (1403340) j1850: 68 FF 40 03 D8 | CRC OK
   248.101  I (1403350) j1850: 29 FE 40 01 64 | CRC OK
   248.427  I (1403674) j1850: 29 FE 60 01 11 | CRC OK
   248.433  I (1403680) j1850: 68 FF 60 03 AD | CRC OK
   250.121  I (1405369) j1850: 68 FF 40 03 D8 | CRC OK
   250.131  I (1405379) j1850: 29 FE 40 01 64 | CRC OK
   250.449  I (1405697) j1850: 29 FE 60 01 11 | CRC OK
   250.454  I (1405703) j1850: 68 FF 60 03 AD | CRC OK
   252.151  I (1407399) j1850: 68 FF 40 03 D8 | CRC OK
   252.161  I (1407409) j1850: 29 FE 40 01 64 | CRC OK
   252.457  I (1407705) j1850: 29 FE 60 01 11 | CRC OK
   252.462  I (1407711) j1850: 68 FF 60 03 AD | CRC OK
   257.362  I (1412607) j1850: stats: 659 frames, 13 bad CRC, 0 overruns, 528 edges
   262.312  I (1417558) j1850: 29 FE 40 01 64 | CRC OK
   264.329  I (1419577) j1850: 68 FF 40 03 D8 | CRC OK
   264.339  I (1419587) j1850: 29 FE 40 01 64 | CRC OK
   264.560  I (1419808) j1850: 29 FE 60 01 11 | CRC OK
   264.566  I (1419814) j1850: 68 FF 60 03 AD | CRC OK
   266.360  I (1421607) j1850: 68 FF 40 03 D8 | CRC OK
   266.577  I (1421826) j1850: FF DD | CRC BAD
   267.366  I (1422609) j1850: stats: 666 frames, 14 bad CRC, 0 overruns, 418 edges
   274.477  I (1429725) j1850: 68 FF 40 03 D8 | CRC OK
   274.488  I (1429736) j1850: 29 FE 40 01 64 | CRC OK
   274.647  I (1429894) j1850: 29 FE 60 01 11 | CRC OK
   274.652  I (1429900) j1850: 68 FF 60 03 AD | CRC OK
   276.508  I (1431756) j1850: 68 FF 40 03 D8 | CRC OK
   276.518  I (1431766) j1850: 29 FE 40 01 64 | CRC OK
   276.664  I (1431911) j1850: 29 FE 60 01 11 | CRC OK
   276.670  I (1431917) j1850: 68 FF 60 03 AD | CRC OK
   277.368  I (1432611) j1850: stats: 674 frames, 14 bad CRC, 0 overruns, 376 edges
   278.537  I (1433785) j1850: 68 FF 40 03 D8 | CRC OK
   278.546  I (1433794) j1850: 29 FE 40 01 | CRC BAD
   287.368  I (1442612) j1850: stats: 676 frames, 15 bad CRC, 0 overruns, 76 edges
   297.369  I (1452614) j1850: stats: 676 frames, 15 bad CRC, 0 overruns, 0 edges
   306.964  I (1462211) j1850: 29 FE 40 01 64 | CRC OK
   307.370  I (1462615) j1850: stats: 677 frames, 15 bad CRC, 0 overruns, 52 edges
   308.944  I (1464190) j1850: 29 FE 60 01 11 | CRC OK
   308.949  I (1464196) j1850: 68 FF 60 03 AD | CRC OK
   308.984  I (1464231) j1850: 68 FF 40 03 D8 | CRC OK
   308.994  I (1464241) j1850: 29 FE 40 01 64 | CRC OK
   313.053  I (1468300) j1850: 29 FE 40 01 64 | CRC OK
   317.373  I (1472617) j1850: stats: 682 frames, 15 bad CRC, 0 overruns, 262 edges
   327.375  I (1482619) j1850: stats: 682 frames, 15 bad CRC, 0 overruns, 0 edges
   337.376  I (1492620) j1850: stats: 682 frames, 15 bad CRC, 0 overruns, 8 edges
   347.378  I (1502622) j1850: stats: 682 frames, 15 bad CRC, 0 overruns, 0 edges
   357.381  I (1512624) j1850: stats: 682 frames, 15 bad CRC, 0 overruns, 44 edges
   361.757  I (1517002) j1850: 68 FF 40 03 D8 | CRC OK
   363.404  I (1518647) j1850: 29 FE 60 01 11 | CRC OK
   363.408  I (1518653) j1850: 68 FF 60 03 AD | CRC OK
   363.787  I (1519032) j1850: 68 FF 40 03 D8 | CRC OK
   363.797  I (1519042) j1850: 29 FE 40 01 64 | CRC OK
   365.817  I (1521062) j1850: 68 FF 40 03 D8 | CRC OK
   365.827  I (1521072) j1850: 29 FE 40 01 64 | CRC OK
   367.383  I (1522626) j1850: stats: 689 frames, 15 bad CRC, 0 overruns, 395 edges
   367.437  I (1522682) j1850: 29 FE 60 01 11 | CRC OK
   367.443  I (1522688) j1850: 68 FF 60 03 AD | CRC OK
   367.846  I (1523091) j1850: 68 FF 40 03 D8 | CRC OK
   367.856  I (1523101) j1850: 29 FE 40 01 64 | CRC OK
   369.463  I (1524707) j1850: 29 FE 60 01 11 | CRC OK
   369.469  I (1524713) j1850: 68 FF 60 03 AD | CRC OK
   369.877  I (1525121) j1850: 68 FF 40 03 D8 | CRC OK
   369.886  I (1525131) j1850: 29 FE 40 01 64 | CRC OK
   371.471  I (1526716) j1850: 29 FE 60 01 11 | CRC OK
   371.485  I (1526730) j1850: 68 FF 60 03 AD | CRC OK
   371.905  I (1527150) j1850: 68 FF 40 03 D8 | CRC OK
   371.915  I (1527160) j1850: 29 FE 40 01 64 | CRC OK
   373.489  I (1528733) j1850: 29 FE 60 01 11 | CRC OK
