     7.707  I (32392) j1850: stats: 0 frames, 0 bad CRC, 0 overruns, 0 edges
    17.709  I (42394) j1850: stats: 0 frames, 0 bad CRC, 0 overruns, 0 edges
    27.709  I (52394) j1850: stats: 0 frames, 0 bad CRC, 0 overruns, 0 edges
    37.712  I (62396) j1850: stats: 0 frames, 0 bad CRC, 0 overruns, 0 edges
    47.714  I (72398) j1850: stats: 0 frames, 0 bad CRC, 0 overruns, 0 edges
    57.716  I (82400) j1850: stats: 0 frames, 0 bad CRC, 0 overruns, 0 edges
    67.719  I (92402) j1850: stats: 0 frames, 0 bad CRC, 0 overruns, 0 edges
    72.672  I (97356) j1850: raw  1: low  94968136 us
    75.458  I (100141) j1850: raw  2: HIGH 2784344 us
    75.463  I (100141) j1850: raw  3: low    121 us
    75.464  I (100141) j1850: raw  4: HIGH    72 us
    75.469  I (100141) j1850: raw  5: low     59 us
    75.474  I (100144) j1850: raw  6: HIGH    68 us
    75.475  I (100147) j1850: raw  7: low    121 us
    75.480  I (100151) j1850: raw  8: HIGH    72 us
    75.485  I (100155) j1850: raw  9: low    121 us
    75.486  I (100158) j1850: raw 10: HIGH    72 us
    75.491  I (100162) j1850: raw 11: low    120 us
    75.497  I (100165) j1850: raw 12: HIGH    72 us
    75.497  I (100169) j1850: raw 13: low    121 us
    75.502  I (100172) j1850: raw 14: HIGH    72 us
    75.503  I (100176) j1850: raw 15: low     56 us
    75.508  I (100179) j1850: raw 16: HIGH   137 us
    75.513  I (100183) j1850: raw 17: low     55 us
    75.513  I (100187) j1850: raw 18: HIGH    72 us
    75.519  I (100190) j1850: raw 19: low    121 us
    75.523  I (100194) j1850: raw 20: HIGH    72 us
    75.524  I (100197) j1850: raw 21: low    121 us
    76.592  I (101275) j1850: raw 22: HIGH 1132678 us
    76.598  I (101275) j1850: raw 23: low    195 us
    76.598  I (101275) j1850: raw 24: HIGH    71 us
    76.603  I (101275) j1850: raw 25: low     60 us
    76.609  I (101278) j1850: raw 26: HIGH    68 us
    76.609  I (101282) j1850: raw 27: low    120 us
    76.614  I (101285) j1850: raw 28: HIGH   137 us
    76.620  I (101289) j1850: raw 29: low    121 us
    76.620  I (101292) j1850: raw 30: HIGH    72 us
    76.625  I (101296) j1850: raw 31: low    121 us
    76.631  I (101300) j1850: raw 32: HIGH   137 us
    76.631  I (101303) j1850: raw 33: low    120 us
    76.636  I (101307) j1850: raw 34: HIGH    72 us
    76.637  I (101310) j1850: raw 35: low     56 us
    76.642  I (101314) j1850: raw 36: HIGH    72 us
    76.648  I (101317) j1850: raw 37: low    121 us
    76.649  I (101321) j1850: raw 38: HIGH   136 us
    76.653  I (101325) j1850: raw 39: low    121 us
    76.659  I (101328) j1850: raw 40: HIGH    72 us
    76.659  I (101332) j1850: raw 41: low     55 us
    76.665  I (101335) j1850: raw 42: HIGH    72 us
    76.670  I (101339) j1850: raw 43: low    122 us
    76.670  I (101342) j1850: raw 44: HIGH    79 us
    76.676  I (101346) j1850: raw 45: low    113 us
    76.681  I (101349) j1850: raw 46: HIGH    72 us
    76.682  I (101353) j1850: raw 47: low    121 us
    76.687  I (101357) j1850: raw 48: HIGH    73 us
    76.687  I (101360) j1850: raw 49: low    119 us
    76.692  I (101364) j1850: raw 50: HIGH   137 us
    76.698  I (101367) j1850: raw 51: low    121 us
    76.699  I (101371) j1850: raw 52: HIGH   136 us
    76.703  I (101374) j1850: raw 53: low    121 us
    76.709  I (101378) j1850: raw 54: HIGH   137 us
    76.709  I (101381) j1850: raw 55: low    121 us
    76.714  I (101385) j1850: raw 56: HIGH    71 us
    76.720  I (101389) j1850: raw 57: low    121 us
    76.720  I (101392) j1850: raw 58: HIGH    72 us
    76.726  I (101396) j1850: raw 59: low    121 us
    76.731  I (101399) j1850: raw 60: HIGH    72 us
    76.731  I (101403) j1850: raw 61: low    121 us
    76.737  I (101406) j1850: raw 62: HIGH    71 us
    76.737  I (101410) j1850: raw 63: low    121 us
    76.742  I (101413) j1850: raw 64: HIGH    72 us
    76.748  I (101417) j1850: 48 92 40 2A 00 00 1E | CRC OK
    76.752  I (101422) j1850: 68 93 60 2A 00 00 16 | CRC OK
    76.752  I (101428) j1850: 29 FE 40 01 64 | CRC OK
    77.393  I (102078) j1850: 29 FE 60 01 11 | CRC OK
    77.399  I (102084) j1850: 68 FF 60 03 AD | CRC OK
    77.722  I (102404) j1850: stats: 5 frames, 0 bad CRC, 0 overruns, 304 edges
    77.897  I (102581) j1850: 48 DA 40 39 00 70 | CRC OK
    78.646  I (103331) j1850: 68 FF 40 03 D8 | CRC OK
    78.656  I (103341) j1850: 29 FE 40 01 64 | CRC OK
    87.723  I (112406) j1850: stats: 8 frames, 0 bad CRC, 0 overruns, 166 edges
    97.726  I (122408) j1850: stats: 8 frames, 0 bad CRC, 0 overruns, 0 edges
   107.657  I (132340) j1850: 29 FE 60 01 11 | CRC OK
   107.728  I (132410) j1850: stats: 9 frames, 0 bad CRC, 0 overruns, 88 edges
   109.095  I (133779) j1850: 68 FF 40 03 D8 | CRC OK
   109.105  I (133789) j1850: 29 FE 40 01 64 | CRC OK
   109.666  I (134350) j1850: 29 FE 60 01 11 | CRC OK
   109.679  I (134363) j1850: 68 FF 60 03 AD | CRC OK
   111.125  I (135809) j1850: 68 FF 40 03 D8 | CRC OK
   111.136  I (135820) j1850: 29 FE 40 01 64 | CRC OK
   111.683  I (136366) j1850: 29 FE 60 01 11 | CRC OK
   111.688  I (136372) j1850: 68 FF 60 03 AD | CRC OK
   113.155  I (137839) j1850: 68 FF 40 03 D8 | CRC OK
   113.165  I (137849) j1850: 29 FE 40 01 64 | CRC OK
   113.700  I (138383) j1850: 29 FE 60 01 11 | CRC OK
   113.705  I (138389) j1850: 68 FF 60 03 AD | CRC OK
   115.185  I (139869) j1850: 68 FF 40 03 D8 | CRC OK
   115.195  I (139879) j1850: 29 FE 40 01 64 | CRC OK
   115.717  I (140401) j1850: 29 FE 60 01 11 | CRC OK
   115.723  I (140407) j1850: 68 FF 60 03 AD | CRC OK
   117.215  I (141899) j1850: 68 FF 40 03 D8 | CRC OK
   117.224  I (141908) j1850: 29 FE 40 01 | CRC BAD
   117.730  I (142412) j1850: stats: 27 frames, 1 bad CRC, 0 overruns, 748 edges
   121.774  I (146458) j1850: 68 FF 60 03 AD | CRC OK
   123.304  I (147988) j1850: 68 FF 40 03 D8 | CRC OK
   123.314  I (147998) j1850: 29 FE 40 01 64 | CRC OK
   123.786  I (148469) j1850: 29 FE 60 01 11 | CRC OK
   123.791  I (148475) j1850: 68 FF 60 03 AD | CRC OK
   125.335  I (150018) j1850: 68 FF 40 03 D8 | CRC OK
   125.345  I (150028) j1850: 29 FE 40 01 64 | CRC OK
   125.804  I (150487) j1850: 29 FE 60 01 11 | CRC OK
   125.809  I (150493) j1850: 68 FF 60 03 AD | CRC OK
   127.365  I (152048) j1850: 68 FF 40 03 D8 | CRC OK
   127.375  I (152058) j1850: 29 FE 40 01 64 | CRC OK
   127.733  I (152414) j1850: stats: 38 frames, 1 bad CRC, 0 overruns, 592 edges
   127.828  I (152511) j1850: 29 FE 60 01 11 | CRC OK
   127.834  I (152517) j1850: 68 FF 60 03 AD | CRC OK
   129.395  I (154078) j1850: 68 FF 40 03 D8 | CRC OK
   129.405  I (154088) j1850: 29 FE 40 01 64 | CRC OK
   129.838  I (154521) j1850: 29 FE 60 01 11 | CRC OK
   129.853  I (154536) j1850: 68 FF 60 03 AD | CRC OK
   131.425  I (156108) j1850: 68 FF 40 03 D8 | CRC OK
   131.435  I (156118) j1850: 29 FE 40 01 64 | CRC OK
   131.854  I (156537) j1850: 29 FE 60 01 11 | CRC OK
   131.860  I (156543) j1850: 68 FF 60 03 AD | CRC OK
   133.455  I (158138) j1850: 68 FF 40 03 D8 | CRC OK
   133.465  I (158148) j1850: 29 FE 40 01 64 | CRC OK
   133.872  I (158554) j1850: 29 FE 60 01 11 | CRC OK
   137.734  I (162415) j1850: stats: 51 frames, 1 bad CRC, 0 overruns, 555 edges
   147.736  I (172417) j1850: stats: 51 frames, 1 bad CRC, 0 overruns, 0 edges
   149.703  I (174386) j1850: 29 FE 40 01 64 | CRC OK
   150.009  I (174692) j1850: 29 FE 60 01 11 | CRC OK
   150.023  I (174706) j1850: 68 FF 60 03 AD | CRC OK
   151.723  I (176406) j1850: 68 FF 40 03 D8 | CRC OK
   151.733  I (176416) j1850: 29 FE 40 01 64 | CRC OK
   152.026  I (176708) j1850: 29 FE 60 01 11 | CRC OK
   152.031  I (176714) j1850: 68 FF 60 03 AD | CRC OK
   153.752  I (178435) j1850: 68 FF 40 03 D8 | CRC OK
   153.762  I (178445) j1850: 29 FE 40 01 64 | CRC OK
   154.043  I (178725) j1850: 29 FE 60 01 11 | CRC OK
   154.048  I (178731) j1850: 68 FF 60 03 AD | CRC OK
   155.782  I (180465) j1850: 68 FF 40 03 D8 | CRC OK
   155.793  I (180476) j1850: 29 FE 40 01 64 | CRC OK
   156.060  I (180742) j1850: 29 FE 60 01 11 | CRC OK
   156.065  I (180748) j1850: 68 FF 60 03 AD | CRC OK
   157.738  I (182418) j1850: stats: 66 frames, 1 bad CRC, 0 overruns, 638 edges
   157.812  I (182495) j1850: 68 FF 40 03 D8 | CRC OK
   157.823  I (182505) j1850: 29 FE 40 01 64 | CRC OK
   158.081  I (182763) j1850: 29 FE 60 01 11 | CRC OK
   158.086  I (182769) j1850: 68 FF 60 03 AD | CRC OK
   159.843  I (184525) j1850: 68 FF 40 03 D8 | CRC OK
   159.853  I (184535) j1850: 29 FE 40 01 64 | CRC OK
   160.095  I (184777) j1850: 29 FE 60 01 11 | CRC OK
   160.105  I (184787) j1850: 68 FF 60 03 AD | CRC OK
   161.873  I (186555) j1850: 68 FF 40 03 D8 | CRC OK
   161.883  I (186565) j1850: 29 FE 40 01 64 | CRC OK
   162.111  I (186793) j1850: 29 FE 60 01 11 | CRC OK
   166.153  I (190835) j1850: 68 FF 60 03 AD | CRC OK
   167.739  I (192419) j1850: stats: 78 frames, 1 bad CRC, 0 overruns, 592 edges
   167.962  I (192644) j1850: 68 FF 40 03 D8 | CRC OK
   167.972  I (192654) j1850: 29 FE 40 01 64 | CRC OK
   168.171  I (192853) j1850: 29 FE 60 01 11 | CRC OK
   168.177  I (192859) j1850: 68 FF 60 03 AD | CRC OK
   169.992  I (194674) j1850: 68 FF 40 03 D8 | CRC OK
   170.002  I (194684) j1850: 29 FE 40 01 64 | CRC OK
   170.180  I (194862) j1850: 29 FE 60 01 11 | CRC OK
   170.186  I (194868) j1850: 68 FF 60 03 AD | CRC OK
   172.022  I (196704) j1850: 68 FF 40 03 D8 | CRC OK
   172.032  I (196714) j1850: 29 FE 40 01 64 | CRC OK
   172.197  I (196878) j1850: 29 FE 60 01 11 | CRC OK
   172.203  I (196885) j1850: 68 FF 60 03 AD | CRC OK
   174.052  I (198734) j1850: 68 FF 40 03 D8 | CRC OK
   177.746  I (202420) j1850: stats: 91 frames, 1 bad CRC, 0 overruns, 566 edges
   186.321  I (211002) j1850: 29 FE 60 01 11 | CRC OK
   186.326  I (211008) j1850: 68 FF 60 03 AD | CRC OK
   187.743  I (212422) j1850: stats: 93 frames, 1 bad CRC, 0 overruns, 155 edges
   188.261  I (212942) j1850: 68 FF 40 03 D8 | CRC OK
   188.271  I (212952) j1850: 29 FE 40 01 64 | CRC OK
   196.380  I (221061) j1850: 68 FF 40 03 D8 | CRC OK
   196.390  I (221071) j1850: 29 FE 40 01 64 | CRC OK
   196.403  I (221084) j1850: 29 FE 60 01 11 | CRC OK
   196.409  I (221090) j1850: 68 FF 60 03 AD | CRC OK
   197.747  I (222424) j1850: stats: 99 frames, 1 bad CRC, 0 overruns, 294 edges
   198.410  I (223091) j1850: 68 FF 40 03 D8 | CRC OK
   198.420  I (223101) j1850: 29 FE 40 01 64 | CRC OK
   198.425  I (223106) j1850: 29 FE 60 01 11 | CRC OK
   198.431  I (223112) j1850: 68 FF 60 03 AD | CRC OK
   200.436  I (225117) j1850: 29 FE 60 01 11 | CRC OK
   200.440  I (225121) j1850: 68 FF 40 03 D8 | CRC OK
   202.455  I (227135) j1850: 29 FE 60 01 11 | CRC OK
   202.461  I (227141) j1850: 68 FF 60 03 AD | CRC OK
   202.470  I (227151) j1850: 68 FF 40 03 D8 | CRC OK
   202.478  I (227159) j1850: 29 FE 40 | CRC BAD
   207.747  I (232425) j1850: stats: 109 frames, 2 bad CRC, 0 overruns, 452 edges
   216.679  I (241359) j1850: 68 FF 40 03 D8 | CRC OK
   216.688  I (241369) j1850: 29 FE 40 01 64 | CRC OK
   217.750  I (242427) j1850: stats: 111 frames, 2 bad CRC, 0 overruns, 88 edges
   218.593  I (243272) j1850: 29 FE 60 01 11 | CRC OK
   218.598  I (243278) j1850: 68 FF 60 03 AD | CRC OK
   227.751  I (252429) j1850: stats: 113 frames, 2 bad CRC, 0 overruns, 126 edges
   237.752  I (262430) j1850: stats: 113 frames, 2 bad CRC, 0 overruns, 40 edges
   238.763  I (263443) j1850: 29 FE 60 01 11 | CRC OK
   238.769  I (263449) j1850: 68 FF 60 03 AD | CRC OK
   239.006  I (263686) j1850: 68 FF 40 03 D8 | CRC OK
   239.016  I (263696) j1850: 29 FE 40 01 64 | CRC OK
   240.782  I (265459) j1850: 29 FE 60 01 11 | CRC OK
   240.785  I (265465) j1850: 68 FF 60 03 AD | CRC OK
   241.036  I (265716) j1850: 68 FF 40 03 D8 | CRC OK
   241.046  I (265726) j1850: 29 FE 40 01 64 | CRC OK
   242.798  I (267476) j1850: 29 FE 60 01 11 | CRC OK
   242.802  I (267482) j1850: 68 FF 60 03 AD | CRC OK
   243.067  I (267746) j1850: 68 FF 40 03 D8 | CRC OK
   243.077  I (267756) j1850: 29 FE 40 01 64 | CRC OK
   244.814  I (269493) j1850: 29 FE 60 01 11 | CRC OK
   244.819  I (269499) j1850: 68 FF 60 03 AD | CRC OK
   245.106  I (269785) j1850: 29 FE 40 01 64 | CRC OK
   246.836  I (271515) j1850: 29 FE 60 01 11 | CRC OK
   246.844  I (271521) j1850: 68 FF 60 03 AD | CRC OK
   247.127  I (271806) j1850: 68 FF 40 03 D8 | CRC OK
   247.136  I (271815) j1850: 29 FE 40 01 64 | CRC OK
   247.754  I (272431) j1850: stats: 132 frames, 2 bad CRC, 0 overruns, 834 edges
   248.849  I (273528) j1850: 29 FE 60 01 11 | CRC OK
   257.275  I (281954) j1850: 68 FF 40 03 D8 | CRC OK
   257.285  I (281964) j1850: 29 FE 40 01 64 | CRC OK
   257.755  I (282432) j1850: stats: 135 frames, 2 bad CRC, 0 overruns, 143 edges
   258.935  I (283614) j1850: 29 FE 60 01 11 | CRC OK
   258.942  I (283621) j1850: 68 FF 60 03 AD | CRC OK
   259.306  I (283984) j1850: 68 FF 40 03 D8 | CRC OK
   259.315  I (283994) j1850: 29 FE 40 01 64 | CRC OK
   262.971  I (287651) j1850: 68 FF | CRC BAD
   267.425  I (292103) j1850: 68 FF 40 03 D8 | CRC OK
   267.436  I (292113) j1850: 29 FE 40 01 64 | CRC OK
   267.756  I (292433) j1850: stats: 142 frames, 3 bad CRC, 0 overruns, 306 edges
   269.020  I (293699) j1850: 29 FE 60 01 11 | CRC OK
   269.032  I (293711) j1850: 68 FF 60 03 AD | CRC OK
   269.454  I (294133) j1850: 68 FF 40 03 D8 | CRC OK
   269.464  I (294143) j1850: 29 FE 40 01 64 | CRC OK
   271.037  I (295716) j1850: 29 FE 60 01 11 | CRC OK
   271.043  I (295722) j1850: 68 FF 60 03 AD | CRC OK
   271.483  I (296162) j1850: 68 FF 40 03 D8 | CRC OK
   271.494  I (296173) j1850: 29 FE 40 01 64 | CRC OK
   273.054  I (297733) j1850: 29 FE 60 01 11 | CRC OK
   273.060  I (297739) j1850: 68 FF 60 03 AD | CRC OK
   273.513  I (298192) j1850: 68 FF 40 03 D8 | CRC OK
   273.523  I (298202) j1850: 29 FE 40 01 64 | CRC OK
   275.071  I (299749) j1850: 29 FE 60 01 11 | CRC OK
   275.076  I (299755) j1850: 68 FF 60 03 AD | CRC OK
   275.543  I (300222) j1850: 68 FF 40 03 D8 | CRC OK
   277.758  I (302434) j1850: stats: 157 frames, 3 bad CRC, 0 overruns, 652 edges
   287.761  I (312436) j1850: stats: 157 frames, 3 bad CRC, 0 overruns, 0 edges
   297.762  I (322438) j1850: stats: 157 frames, 3 bad CRC, 0 overruns, 0 edges
   307.765  I (332440) j1850: stats: 157 frames, 3 bad CRC, 0 overruns, 0 edges
   317.769  I (342442) j1850: stats: 157 frames, 3 bad CRC, 0 overruns, 0 edges
   327.771  I (352443) j1850: stats: 157 frames, 3 bad CRC, 0 overruns, 12 edges
   330.348  I (355025) j1850: 68 FF 40 03 D8 | CRC OK
   330.362  I (355035) j1850: 29 FE 40 01 64 | CRC OK
   331.554  I (356228) j1850: 29 FE 60 01 11 | CRC OK
   331.557  I (356234) j1850: 68 FF 60 03 AD | CRC OK
   332.378  I (357055) j1850: 68 FF 40 03 D8 | CRC OK
   332.388  I (357065) j1850: 29 FE 40 01 64 | CRC OK
   333.569  I (358245) j1850: 29 FE 60 01 11 | CRC OK
   333.574  I (358251) j1850: 68 FF 60 03 AD | CRC OK
   334.409  I (359084) j1850: 68 FF 40 03 D8 | CRC OK
   334.419  I (359094) j1850: 29 FE 40 01 64 | CRC OK
   335.586  I (360262) j1850: 29 FE 60 01 11 | CRC OK
   335.592  I (360268) j1850: 68 FF 60 03 AD | CRC OK
   336.438  I (361114) j1850: 68 FF 40 03 D8 | CRC OK
   336.447  I (361124) j1850: 29 FE 40 01 64 | CRC OK
   337.606  I (362282) j1850: 29 FE 60 01 11 | CRC OK
   337.613  I (362288) j1850: 68 FF 60 03 AD | CRC OK
   337.771  I (362444) j1850: stats: 173 frames, 3 bad CRC, 0 overruns, 686 edges
   338.469  I (363144) j1850: 68 FF 40 03 D8 | CRC OK
   338.478  I (363153) j1850: 29 FE 40 01 | CRC BAD
   344.570  I (369243) j1850: 29 FE 40 01 64 | CRC OK
   345.673  I (370349) j1850: 29 81 60 00 91 | CRC BAD
   347.771  I (372445) j1850: stats: 177 frames, 5 bad CRC, 0 overruns, 167 edges
   357.773  I (382447) j1850: stats: 177 frames, 5 bad CRC, 0 overruns, 0 edges
   361.810  I (386484) j1850: 29 FE 60 01 11 | CRC OK
   361.814  I (386490) j1850: 68 FF 60 03 AD | CRC OK
   362.830  I (387501) j1850: 68 FF 40 03 D8 | CRC OK
   362.834  I (387510) j1850: 29 FE 40 01 64 | CRC OK
   363.828  I (388502) j1850: 29 FE 60 01 11 | CRC OK
   363.832  I (388508) j1850: 68 FF 60 03 AD | CRC OK
   365.852  I (390528) j1850: 68 FF 60 03 AD | CRC OK
   366.886  I (391560) j1850: 68 FF 40 03 D8 | CRC OK
   366.894  I (391570) j1850: 29 FE 40 01 64 | CRC OK
   367.775  I (392448) j1850: stats: 186 frames, 5 bad CRC, 0 overruns, 534 edges
   367.869  I (392544) j1850: 29 FE 60 01 11 | CRC OK
   367.875  I (392550) j1850: 68 FF 60 03 AD | CRC OK
   368.915  I (393590) j1850: 68 FF 40 03 D8 | CRC OK
   368.927  I (393600) j1850: 29 FE 40 01 64 | CRC OK
   369.880  I (394554) j1850: 29 FE 60 01 11 | CRC OK
   377.781  I (402450) j1850: stats: 191 frames, 5 bad CRC, 0 overruns, 391 edges
   387.779  I (412452) j1850: stats: 191 frames, 5 bad CRC, 0 overruns, 0 edges
   397.782  I (422454) j1850: stats: 191 frames, 5 bad CRC, 0 overruns, 0 edges
   407.785  I (432456) j1850: stats: 191 frames, 5 bad CRC, 0 overruns, 30 edges
   417.786  I (442458) j1850: stats: 191 frames, 5 bad CRC, 0 overruns, 0 edges
   427.789  I (452460) j1850: stats: 191 frames, 5 bad CRC, 0 overruns, 0 edges
   437.796  I (462462) j1850: stats: 191 frames, 5 bad CRC, 0 overruns, 0 edges
   447.795  I (472464) j1850: stats: 191 frames, 5 bad CRC, 0 overruns, 2 edges
   452.147  I (476819) j1850: 29 FE 40 01 64 | CRC OK
   452.581  I (477253) j1850: 29 FE 60 01 11 | CRC OK
   452.586  I (477259) j1850: 68 FF 60 03 AD | CRC OK
   454.599  I (479271) j1850: 29 FE 60 01 11 | CRC OK
   454.604  I (479277) j1850: 68 FF 60 03 AD | CRC OK
   456.195  I (480868) j1850: 68 FF 40 03 D8 | CRC OK
   456.205  I (480878) j1850: 29 FE 40 01 64 | CRC OK
   456.618  I (481288) j1850: 29 FE 60 01 11 | CRC OK
   456.621  I (481294) j1850: 68 FF 60 03 AD | CRC OK
   457.794  I (482464) j1850: stats: 200 frames, 5 bad CRC, 0 overruns, 402 edges
   458.225  I (482897) j1850: 68 FF 40 03 D8 | CRC OK
   458.236  I (482907) j1850: 29 FE 40 01 64 | CRC OK
   458.634  I (483306) j1850: 29 FE 60 01 11 | CRC OK
   458.640  I (483312) j1850: 68 FF 60 03 AD | CRC OK
   460.255  I (484928) j1850: 68 FF 40 03 D8 | CRC OK
   460.265  I (484938) j1850: 29 FE 40 01 64 | CRC OK
   460.651  I (485322) j1850: 29 FE 60 01 11 | CRC OK
   460.661  I (485328) j1850: 68 FF 60 03 AD | CRC OK
   462.285  I (486957) j1850: 68 FF 40 03 D8 | CRC OK
   462.296  I (486967) j1850: 29 FE 40 01 64 | CRC OK
   462.667  I (487339) j1850: 29 FE 60 01 11 | CRC OK
   462.672  I (487345) j1850: 68 FF 60 03 AD | CRC OK
   464.315  I (488987) j1850: 68 FF 40 03 D8 | CRC OK
   464.330  I (488997) j1850: 29 FE 40 01 64 | CRC OK
   467.796  I (492466) j1850: stats: 214 frames, 5 bad CRC, 0 overruns, 614 edges
   477.798  I (502468) j1850: stats: 214 frames, 5 bad CRC, 0 overruns, 0 edges
   480.823  I (505493) j1850: 29 FE 60 01 11 | CRC OK
   480.827  I (505499) j1850: 68 FF 60 03 AD | CRC OK
   482.583  I (507254) j1850: 68 FF 40 03 D8 | CRC OK
   482.592  I (507264) j1850: 29 FE 40 01 64 | CRC OK
   482.843  I (507510) j1850: 29 FE 60 01 11 | CRC OK
   482.844  I (507516) j1850: 68 FF 60 03 AD | CRC OK
   484.613  I (509284) j1850: 68 E0 B0 03 D8 | CRC BAD
   487.803  I (512470) j1850: stats: 221 frames, 6 bad CRC, 0 overruns, 410 edges
   497.803  I (522472) j1850: stats: 221 frames, 6 bad CRC, 0 overruns, 6 edges
   504.910  I (529581) j1850: 68 FF 40 03 D8 | CRC OK
   504.920  I (529591) j1850: 29 FE 40 01 64 | CRC OK
   505.028  I (529698) j1850: 29 FE 60 01 11 | CRC OK
   505.033  I (529704) j1850: 68 FF 60 03 AD | CRC OK
   506.940  I (531611) j1850: 68 FF 40 03 D8 | CRC OK
   506.952  I (531621) j1850: 29 FE 40 01 64 | CRC OK
   507.051  I (531722) j1850: 29 FE 60 00 | CRC BAD
   507.806  I (532474) j1850: stats: 228 frames, 7 bad CRC, 0 overruns, 288 edges
   517.807  I (542476) j1850: stats: 228 frames, 7 bad CRC, 0 overruns, 0 edges
   527.809  I (552477) j1850: stats: 228 frames, 7 bad CRC, 0 overruns, 4 edges
   537.811  I (562479) j1850: stats: 228 frames, 7 bad CRC, 0 overruns, 2 edges
   539.416  I (564086) j1850: 68 FF 40 03 D8 | CRC OK
   539.427  I (564097) j1850: 29 FE 40 01 64 | CRC OK
   541.336  I (566006) j1850: 29 FE 60 01 11 | CRC OK
   541.446  I (566116) j1850: 68 FF 40 03 D8 | CRC OK
   547.812  I (572480) j1850: stats: 232 frames, 7 bad CRC, 0 overruns, 291 edges
   557.814  I (582482) j1850: stats: 232 frames, 7 bad CRC, 0 overruns, 0 edges
   567.816  I (592483) j1850: stats: 232 frames, 7 bad CRC, 0 overruns, 12 edges
   577.655  I (602318) j1850: 29 FE 60 01 11 | CRC OK
   577.656  I (602324) j1850: 68 FF 60 03 AD | CRC OK
   577.821  I (602484) j1850: stats: 234 frames, 7 bad CRC, 0 overruns, 90 edges
   577.982  I (602651) j1850: 68 FF 40 03 D8 | CRC OK
   577.995  I (602661) j1850: 29 FE 40 01 64 | CRC OK
   579.663  I (604331) j1850: 29 FE 60 01 11 | CRC OK
   579.669  I (604337) j1850: 68 FF 60 03 AD | CRC OK
   580.013  I (604681) j1850: 68 FF 40 03 D8 | CRC OK
   580.023  I (604691) j1850: 29 FE 40 01 64 | CRC OK
   581.681  I (606349) j1850: 29 FE 60 01 11 | CRC OK
   581.687  I (606355) j1850: 68 FF 60 03 AD | CRC OK
   582.044  I (606711) j1850: 68 FF 40 03 D8 | CRC OK
   582.051  I (606720) j1850: 29 FE 40 01 64 | CRC OK
   583.697  I (608366) j1850: 29 FE 60 01 11 | CRC OK
   583.703  I (608372) j1850: 68 FF 60 03 AD | CRC OK
   584.072  I (608740) j1850: 68 FF 40 03 D8 | CRC OK
   584.081  I (608750) j1850: 29 FE 40 01 64 | CRC OK
   585.727  I (610391) j1850: 68 FF 60 03 AD | CRC OK
   586.102  I (610770) j1850: 68 FF 40 03 D8 | CRC OK
   586.112  I (610780) j1850: 29 FE 40 01 64 | CRC OK
   587.742  I (612408) j1850: 29 FE 60 01 11 | CRC OK
   587.746  I (612414) j1850: 68 FF 60 03 AD | CRC OK
   587.819  I (612486) j1850: stats: 253 frames, 7 bad CRC, 0 overruns, 839 edges
   588.130  I (612799) j1850: 68 FF 40 03 D8 | CRC OK
   588.140  I (612809) j1850: 29 FE 40 01 64 | CRC OK
   589.749  I (614417) j1850: 29 FE 60 01 11 | CRC OK
   589.754  I (614423) j1850: 68 FF 60 03 AD | CRC OK
   590.160  I (614829) j1850: 68 FF 40 03 D8 | CRC OK
   590.170  I (614839) j1850: 29 FE 40 01 64 | CRC OK
   591.766  I (616434) j1850: 29 FE 60 01 11 | CRC OK
   597.821  I (622487) j1850: stats: 260 frames, 7 bad CRC, 0 overruns, 502 edges
   607.823  I (632489) j1850: stats: 260 frames, 7 bad CRC, 0 overruns, 0 edges
   611.944  I (636612) j1850: 68 FF 60 03 AD | CRC OK
   617.824  I (642490) j1850: stats: 261 frames, 7 bad CRC, 0 overruns, 49 edges
   618.587  I (643255) j1850: 29 FE 40 01 64 | CRC OK
   620.006  I (644674) j1850: 29 FE 60 01 11 | CRC OK
   620.012  I (644680) j1850: 68 FF 60 03 AD | CRC OK
   620.608  I (645275) j1850: 68 FF 40 03 D8 | CRC OK
   620.617  I (645285) j1850: 29 FE 40 01 64 | CRC OK
   622.023  I (646691) j1850: 29 FE 60 01 11 | CRC OK
   622.029  I (646697) j1850: 68 FF 60 03 AD | CRC OK
   622.637  I (647304) j1850: 68 FF 40 03 D8 | CRC OK
   627.826  I (652491) j1850: stats: 269 frames, 7 bad CRC, 0 overruns, 460 edges
   628.736  I (653403) j1850: 29 FE 40 01 64 | CRC OK
   630.093  I (654759) j1850: 29 FE 60 01 11 | CRC OK
   630.098  I (654765) j1850: 68 FF 60 03 AD | CRC OK
   630.757  I (655423) j1850: 68 FF 40 03 D8 | CRC OK
   630.766  I (655433) j1850: 29 FE 40 01 64 | CRC OK
   637.827  I (662492) j1850: stats: 274 frames, 7 bad CRC, 0 overruns, 302 edges
   638.175  I (662839) j1850: 68 FF 60 03 AD | CRC OK
   638.875  I (663542) j1850: 68 FF 40 03 D8 | CRC OK
   638.885  I (663552) j1850: 29 FE 40 01 64 | CRC OK
   640.178  I (664845) j1850: 29 FE 60 01 11 | CRC OK
   640.184  I (664851) j1850: 68 FF 60 03 AD | CRC OK
   640.903  I (665570) j1850: 68 FF 40 | CRC BAD
   647.829  I (672494) j1850: stats: 280 frames, 8 bad CRC, 0 overruns, 254 edges
   657.832  I (682496) j1850: stats: 280 frames, 8 bad CRC, 0 overruns, 0 edges
   667.833  I (692497) j1850: stats: 280 frames, 8 bad CRC, 0 overruns, 26 edges
   677.835  I (702499) j1850: stats: 280 frames, 8 bad CRC, 0 overruns, 0 edges
   687.837  I (712501) j1850: stats: 280 frames, 8 bad CRC, 0 overruns, 0 edges
   697.840  I (722503) j1850: stats: 280 frames, 8 bad CRC, 0 overruns, 34 edges
   698.677  I (723342) j1850: 29 FE 60 01 11 | CRC OK
   707.843  I (732505) j1850: stats: 281 frames, 8 bad CRC, 0 overruns, 74 edges
   711.957  I (736621) j1850: 29 FE 40 01 64 | CRC OK
   712.793  I (737459) j1850: 29 | CRC BAD
   714.820  I (739485) j1850: 68 FF 60 03 AD | CRC OK
   716.006  I (740670) j1850: 68 FF 40 03 D8 | CRC OK
   716.016  I (740680) j1850: 29 FE 40 01 64 | CRC OK
   716.834  I (741497) j1850: 29 FE 60 01 11 | CRC OK
   716.839  I (741503) j1850: 68 FF 60 03 AD | CRC OK
   717.842  I (742505) j1850: stats: 288 frames, 9 bad CRC, 0 overruns, 353 edges
   718.036  I (742700) j1850: 68 FF 40 03 D8 | CRC OK
   718.046  I (742710) j1850: 29 FE 40 01 64 | CRC OK
   718.846  I (743510) j1850: 29 FE | CRC BAD
   718.857  I (743521) j1850: 68 FF 60 03 AD | CRC OK
   720.075  I (744740) j1850: 29 FE 40 01 64 | CRC OK
   720.866  I (745530) j1850: 29 FE 60 01 11 | CRC OK
   727.848  I (752507) j1850: stats: 294 frames, 10 bad CRC, 0 overruns, 324 edges
   737.846  I (762508) j1850: stats: 294 frames, 10 bad CRC, 0 overruns, 34 edges
   739.029  I (763693) j1850: 68 FF 60 03 AD | CRC OK
   740.363  I (765027) j1850: 68 FF 40 03 D8 | CRC OK
   747.854  I (772510) j1850: stats: 296 frames, 10 bad CRC, 0 overruns, 118 edges
   748.483  I (773146) j1850: 68 FF 40 03 D8 | CRC OK
   748.492  I (773156) j1850: 29 FE 40 01 64 | CRC OK
   757.850  I (782511) j1850: stats: 298 frames, 10 bad CRC, 0 overruns, 87 edges
   767.852  I (792513) j1850: stats: 298 frames, 10 bad CRC, 0 overruns, 41 edges
   773.312  I (797975) j1850: 29 FE 60 01 11 | CRC OK
   773.318  I (797981) j1850: 68 FF 60 03 AD | CRC OK
   774.869  I (799532) j1850: 68 FF 40 03 D8 | CRC OK
   774.879  I (799542) j1850: 29 FE 40 01 64 | CRC OK
   775.331  I (799992) j1850: 29 FE 60 01 11 | CRC OK
   775.332  I (799996) j1850: 68 FF | CRC BAD
   777.356  I (802019) j1850: 68 FF 60 03 AD | CRC OK
   777.854  I (802515) j1850: stats: 305 frames, 11 bad CRC, 0 overruns, 364 edges
   778.928  I (803591) j1850: 68 FF 40 03 D8 | CRC OK
   778.938  I (803601) j1850: 29 FE 40 01 64 | CRC OK
   779.364  I (804027) j1850: 29 FE 60 01 11 | CRC OK
   779.374  I (804037) j1850: 68 FF 60 03 AD | CRC OK
   780.958  I (805621) j1850: 68 FF 40 03 D8 | CRC OK
   780.968  I (805631) j1850: 29 FE 40 01 64 | CRC OK
   781.381  I (806044) j1850: 29 FE 60 01 11 | CRC OK
   785.422  I (810085) j1850: 68 FF 60 03 AD | CRC OK
   787.047  I (811710) j1850: 68 FF 40 03 D8 | CRC OK
   787.057  I (811720) j1850: 29 FE 40 01 64 | CRC OK
   787.440  I (812103) j1850: 29 FE 60 01 11 | CRC OK
   787.857  I (812517) j1850: stats: 316 frames, 11 bad CRC, 0 overruns, 591 edges
   789.077  I (813740) j1850: 68 FF 40 03 D8 | CRC OK
   789.087  I (813750) j1850: 29 FE 40 01 64 | CRC OK
   789.450  I (814112) j1850: 29 FE 60 01 11 | CRC OK
   789.455  I (814118) j1850: 68 FF 60 03 AD | CRC OK
